INFO:[201309281704]:Num RSS sources 90
INFO:[201309281705]:Num RSS sources 90
INFO:[201309281705]:Starting 2013-09-28 17:05:00.716000
INFO:[201309281705]:Parsed TechCrunch
INFO:[201309281705]:Parsed The Verge -  All Posts
INFO:[201309281705]:Found MLB shows us what to expect from iOS 7's new iBeacon location services at The Verge -  All Posts
INFO:[201309281705]:Num RSS sources 90
INFO:[201309281705]:Starting 2013-09-28 17:05:11.137000
INFO:[201309281705]:Parsed TechCrunch
INFO:[201309281705]:Parsed The Verge -  All Posts
INFO:[201309281705]:Parsed AllThingsD
INFO:[201309281705]:Parsed Engadget RSS Feed
INFO:[201309281705]:Parsed The Next Web
INFO:[201309281705]:Parsed Ars Technica
INFO:[201309281705]:Parsed 9to5Mac
INFO:[201309281705]:Parsed WSJ.com: Technology
INFO:[201309281705]:Parsed Businessweek.com -- Top News
INFO:[201309281705]:Parsed CNET Latest News
INFO:[201309281705]:Parsed Wired Top Stories
INFO:[201309281705]:Parsed NYT > Technology
INFO:[201309281705]:Parsed Reuters: Top News
INFO:[201309281705]:Found House conservatives hold firm as government shutdown looms at Reuters: Top News
INFO:[201309281705]:Parsed Top Headlines
INFO:[201309281705]:Parsed VentureBeat
INFO:[201309281705]:Parsed Technology News - The Washington Post
INFO:[201309281705]:Parsed Forbes Real Time
INFO:[201309281705]:Parsed NYT Bits
INFO:[201309281705]:Parsed Digits
INFO:[201309281705]:Parsed Fortune Finance: Hedge Funds, Markets, Mergers & Acquisitions, Private Equity, Venture Capital, Wall Street, Washington
INFO:[201309281705]:Parsed AnandTech
INFO:[201309281705]:Parsed MacRumors: Mac News and Rumors - All Stories
INFO:[201309281705]:Parsed World news and comment from the Guardian | theguardian.com
INFO:[201309281705]:Parsed DealBook
INFO:[201309281705]:Parsed 9to5Google
INFO:[201309281705]:Parsed The Switch
INFO:[201309281705]:Parsed Tech
INFO:[201309281705]:Parsed Businessweek.com -- Technology
INFO:[201309281705]:Parsed TorrentFreak
INFO:[201309281705]:Parsed Technology
INFO:[201309281705]:Found Apple maps route to Alaska airport runway reactivated at Technology
INFO:[201309281705]:Parsed BGR
INFO:[201309281705]:Parsed SPIEGEL ONLINE - Schlagzeilen
INFO:[201309281705]:Parsed Techdirt.
INFO:[201309281705]:Parsed Latest from Computerworld
INFO:[201309281705]:Parsed Marketing Land - Internet Marketing News, Strategies & Tips
INFO:[201309281705]:Parsed Paul Thurrott's SuperSite for Windows
INFO:[201309281705]:Parsed Hillicon Valley
INFO:[201309281705]:Parsed AppleInsider - Frontpage News
INFO:[201309281705]:Parsed BBC News - Technology
INFO:[201309281705]:Parsed GeekWire
INFO:[201309281705]:Parsed Inside BlackBerry
INFO:[201309281705]:Parsed paidContent
INFO:[201309281705]:Parsed Technology - latimes.com
INFO:[201309281705]:Parsed Quartz » Technology
INFO:[201309281705]:Parsed CITEworld
INFO:[201309281705]:Parsed PandoDaily
INFO:[201309281705]:Parsed FierceWireless
INFO:[201309281705]:Parsed Daring Fireball
INFO:[201309281705]:Parsed Valleywag
INFO:[201309281705]:Parsed Variety
INFO:[201309281705]:Parsed Co.Design
INFO:[201309281705]:Parsed Elements
INFO:[201309281705]:Parsed Techmeme News
INFO:[201309281705]:Parsed jessica lessin
INFO:[201309281705]:Parsed Uncrunched
INFO:[201309281705]:Parsed Polygon -  All
INFO:[201309281705]:Found Students create robotic arm manipulated by PS3 controller at Polygon -  All
INFO:[201309281705]:Parsed Windows IT Pro
INFO:[201309281705]:Parsed SlashGear
INFO:[201309281705]:Parsed asymco
INFO:[201309281705]:Parsed TechNet Blogs
INFO:[201309281705]:Parsed ReadWrite
INFO:[201309281705]:Parsed Tech | TIME.com
INFO:[201309281705]:Parsed San Jose Business News - Local San Jose News | The Silicon Valley / San Jose Business Journal
INFO:[201309281705]:Parsed Eurogamer.net
INFO:[201309281705]:Parsed Feed: stratēchery by Ben Thompson
INFO:[201309281705]:Parsed Search Engine Land: News & Info About SEO, PPC, SEM, Search Engines & Search Marketing
INFO:[201309281705]:Parsed Naked Security - Sophos
INFO:[201309281705]:Parsed FOSS Patents
INFO:[201309281705]:Parsed Hollywood Reporter - THR, Esq.
INFO:[201309281705]:Parsed MoneyBeat
INFO:[201309281705]:Parsed Evolver.fm
INFO:[201309281705]:Parsed Localytics
INFO:[201309281705]:Parsed Data Center Knowledge
INFO:[201309281705]:Parsed Agile Blog
INFO:[201309281705]:Parsed BuzzFeed  - John Herrman
INFO:[201309281705]:Parsed Motherboard RSS Feed
INFO:[201309281705]:Parsed ABC News: Technology
INFO:[201309281705]:Parsed The Register
INFO:[201309281705]:Parsed Firedoglake
INFO:[201309281705]:Parsed PCWorld
INFO:[201309281705]:Parsed LAPTOP Magazine: The Pulse of Mobile Technology
INFO:[201309281705]:Parsed Dave Winer
INFO:[201309281705]:Parsed Deeplinks
INFO:[201309281705]:Parsed Advertising Age - Agency News
INFO:[201309281705]:Parsed Mashable
INFO:[201309281705]:Parsed PCMag.com Breaking News
INFO:[201309281705]:Parsed The Intercom Blog
INFO:[201309281705]:Parsed Site Root
INFO:[201309281705]:Ended 2013-09-28 17:06:23.624000
INFO:[201309281742]:Num RSS sources 90
INFO:[201309281742]:Starting 2013-09-28 17:42:10.119000
INFO:[201309281742]:Parsed TechCrunch
INFO:[201309281742]:Parsed The Verge -  All Posts
INFO:[201309281742]:Found NSA mines data to map Americans' social connections, report says at The Verge -  All Posts
INFO:[201309281742]:Num RSS sources 90
INFO:[201309281742]:Starting 2013-09-28 17:42:29.744000
INFO:[201309281742]:Parsed TechCrunch
INFO:[201309281742]:Parsed The Verge -  All Posts
INFO:[201309281742]:Found NSA mines data to map Americans' social connections, report says at The Verge -  All Posts
INFO:[201309281742]:Parsed AllThingsD
INFO:[201309281742]:Parsed Engadget RSS Feed
INFO:[201309281742]:Parsed GigaOM
INFO:[201309281742]:Parsed The Next Web
INFO:[201309281742]:Parsed Ars Technica
INFO:[201309281742]:Parsed 9to5Mac
INFO:[201309281742]:Parsed WSJ.com: Technology
INFO:[201309281742]:Parsed Businessweek.com -- Top News
INFO:[201309281742]:Parsed CNET Latest News
INFO:[201309281742]:Parsed Wired Top Stories
INFO:[201309281742]:Parsed NYT > Technology
INFO:[201309281742]:Parsed Reuters: Top News
INFO:[201309281742]:Parsed Top Headlines
INFO:[201309281742]:Parsed VentureBeat
INFO:[201309281742]:Parsed Technology News - The Washington Post
INFO:[201309281742]:Parsed Forbes Real Time
INFO:[201309281742]:Parsed NYT Bits
INFO:[201309281742]:Parsed Digits
INFO:[201309281742]:Parsed Fortune Finance: Hedge Funds, Markets, Mergers & Acquisitions, Private Equity, Venture Capital, Wall Street, Washington
INFO:[201309281742]:Parsed AnandTech
INFO:[201309281742]:Parsed MacRumors: Mac News and Rumors - All Stories
INFO:[201309281742]:Parsed World news and comment from the Guardian | theguardian.com
INFO:[201309281742]:Found US nuclear commander suspended over gambling, officials say at World news and comment from the Guardian | theguardian.com
INFO:[201309281742]:Parsed DealBook
INFO:[201309281742]:Parsed 9to5Google
INFO:[201309281742]:Parsed The Switch
INFO:[201309281742]:Parsed Tech
INFO:[201309281742]:Parsed Businessweek.com -- Technology
INFO:[201309281742]:Parsed TorrentFreak
INFO:[201309281742]:Parsed Technology
INFO:[201309281742]:Parsed Techdirt.
INFO:[201309281742]:Parsed BGR
INFO:[201309281742]:Parsed SPIEGEL ONLINE - Schlagzeilen
INFO:[201309281742]:Found Hoffenheim vs. Schalke: Das Sechs-Tore-Spektakel at SPIEGEL ONLINE - Schlagzeilen
INFO:[201309281742]:Parsed Latest from Computerworld
INFO:[201309281742]:Parsed Marketing Land - Internet Marketing News, Strategies & Tips
INFO:[201309281742]:Parsed Paul Thurrott's SuperSite for Windows
INFO:[201309281742]:Parsed Hillicon Valley
INFO:[201309281742]:Parsed AppleInsider - Frontpage News
INFO:[201309281742]:Parsed BBC News - Technology
INFO:[201309281742]:Parsed GeekWire
INFO:[201309281742]:Parsed Inside BlackBerry
INFO:[201309281742]:Parsed paidContent
INFO:[201309281742]:Parsed Technology - latimes.com
INFO:[201309281742]:Parsed Quartz » Technology
INFO:[201309281742]:Parsed CITEworld
INFO:[201309281742]:Parsed PandoDaily
INFO:[201309281742]:Parsed FierceWireless
INFO:[201309281742]:Parsed Daring Fireball
INFO:[201309281742]:Parsed Valleywag
INFO:[201309281742]:Parsed Co.Design
INFO:[201309281742]:Parsed Variety
INFO:[201309281742]:Parsed Elements
INFO:[201309281742]:Parsed Techmeme News
INFO:[201309281742]:Parsed jessica lessin
INFO:[201309281742]:Parsed Uncrunched
INFO:[201309281742]:Parsed Polygon -  All
INFO:[201309281742]:Parsed Windows IT Pro
INFO:[201309281742]:Parsed SlashGear
INFO:[201309281742]:Parsed asymco
INFO:[201309281742]:Parsed TechNet Blogs
INFO:[201309281742]:Found LocalDB - I keep forgetting at TechNet Blogs
INFO:[201309281742]:Parsed ReadWrite
INFO:[201309281742]:Parsed Tech | TIME.com
INFO:[201309281742]:Parsed San Jose Business News - Local San Jose News | The Silicon Valley / San Jose Business Journal
INFO:[201309281742]:Parsed Eurogamer.net
INFO:[201309281742]:Parsed Feed: stratēchery by Ben Thompson
INFO:[201309281742]:Parsed Search Engine Land: News & Info About SEO, PPC, SEM, Search Engines & Search Marketing
INFO:[201309281742]:Parsed Naked Security - Sophos
INFO:[201309281742]:Parsed FOSS Patents
INFO:[201309281742]:Parsed Hollywood Reporter - THR, Esq.
INFO:[201309281742]:Parsed MoneyBeat
INFO:[201309281742]:Parsed Evolver.fm
INFO:[201309281742]:Parsed Localytics
INFO:[201309281742]:Parsed Data Center Knowledge
INFO:[201309281742]:Parsed Agile Blog
INFO:[201309281742]:Parsed BuzzFeed  - John Herrman
INFO:[201309281742]:Parsed Motherboard RSS Feed
INFO:[201309281742]:Parsed ABC News: Technology
INFO:[201309281742]:Parsed The Register
INFO:[201309281742]:Parsed Firedoglake
INFO:[201309281742]:Parsed PCWorld
INFO:[201309281742]:Parsed LAPTOP Magazine: The Pulse of Mobile Technology
INFO:[201309281742]:Parsed Dave Winer
INFO:[201309281742]:Parsed Deeplinks
INFO:[201309281742]:Parsed Mashable
INFO:[201309281742]:Parsed Advertising Age - Agency News
INFO:[201309281742]:Parsed PCMag.com Breaking News
INFO:[201309281742]:Parsed The Intercom Blog
INFO:[201309281742]:Parsed Site Root
INFO:[201309281742]:Found User: Richard Cole at Site Root
INFO:[201309281748]:Num RSS sources 90
INFO:[201309281748]:Starting 2013-09-28 17:48:07.455000
INFO:[201309281748]:Parsed TechCrunch
INFO:[201309281748]:Parsed The Verge -  All Posts
INFO:[201309281748]:Found NSA mines data to map Americans' social connections, report says at The Verge -  All Posts
INFO:[201309281748]:Parsed AllThingsD
INFO:[201309281748]:Parsed Engadget RSS Feed
INFO:[201309281748]:Parsed GigaOM
INFO:[201309281748]:Parsed The Next Web
INFO:[201309281748]:Parsed Ars Technica
INFO:[201309281748]:Parsed 9to5Mac
INFO:[201309281748]:Parsed WSJ.com: Technology
INFO:[201309281748]:Parsed Businessweek.com -- Top News
INFO:[201309281748]:Parsed CNET Latest News
INFO:[201309281748]:Parsed Wired Top Stories
INFO:[201309281748]:Parsed NYT > Technology
INFO:[201309281748]:Parsed Reuters: Top News
INFO:[201309281748]:Found Greek police arrest leader, lawmakers of far-right Golden Dawn at Reuters: Top News
INFO:[201309281748]:Parsed Top Headlines
INFO:[201309281748]:Parsed VentureBeat
INFO:[201309281748]:Parsed Technology News - The Washington Post
INFO:[201309281748]:Parsed Forbes Real Time
INFO:[201309281748]:Found 3 Kickstarter Video Games You Should Pay Attention To at Forbes Real Time
INFO:[201309281748]:Parsed NYT Bits
INFO:[201309281748]:Parsed Digits
INFO:[201309281748]:Parsed Fortune Finance: Hedge Funds, Markets, Mergers & Acquisitions, Private Equity, Venture Capital, Wall Street, Washington
INFO:[201309281748]:Parsed AnandTech
INFO:[201309281748]:Parsed MacRumors: Mac News and Rumors - All Stories
INFO:[201309281748]:Parsed World news and comment from the Guardian | theguardian.com
INFO:[201309281748]:Parsed DealBook
INFO:[201309281748]:Parsed 9to5Google
INFO:[201309281748]:Parsed The Switch
INFO:[201309281748]:Parsed Tech
INFO:[201309281748]:Parsed Businessweek.com -- Technology
INFO:[201309281748]:Parsed TorrentFreak
INFO:[201309281748]:Parsed Technology
INFO:[201309281748]:Parsed Techdirt.
INFO:[201309281748]:Parsed BGR
INFO:[201309281748]:Parsed SPIEGEL ONLINE - Schlagzeilen
INFO:[201309281748]:Parsed Latest from Computerworld
INFO:[201309281748]:Parsed Marketing Land - Internet Marketing News, Strategies & Tips
INFO:[201309281748]:Parsed Paul Thurrott's SuperSite for Windows
INFO:[201309281748]:Parsed Hillicon Valley
INFO:[201309281748]:Parsed AppleInsider - Frontpage News
INFO:[201309281748]:Parsed BBC News - Technology
INFO:[201309281748]:Parsed GeekWire
INFO:[201309281748]:Parsed Inside BlackBerry
INFO:[201309281748]:Parsed paidContent
INFO:[201309281748]:Parsed Technology - latimes.com
INFO:[201309281748]:Parsed Quartz » Technology
INFO:[201309281748]:Parsed CITEworld
INFO:[201309281748]:Parsed PandoDaily
INFO:[201309281748]:Parsed FierceWireless
INFO:[201309281748]:Parsed Daring Fireball
INFO:[201309281748]:Parsed Valleywag
INFO:[201309281748]:Parsed Co.Design
INFO:[201309281748]:Parsed Variety
INFO:[201309281748]:Parsed Elements
INFO:[201309281748]:Parsed Techmeme News
INFO:[201309281748]:Parsed jessica lessin
INFO:[201309281748]:Parsed Uncrunched
INFO:[201309281748]:Parsed Polygon -  All
INFO:[201309281748]:Parsed Windows IT Pro
INFO:[201309281748]:Parsed SlashGear
INFO:[201309281748]:Parsed asymco
INFO:[201309281748]:Parsed TechNet Blogs
INFO:[201309281748]:Parsed ReadWrite
INFO:[201309281748]:Parsed Tech | TIME.com
INFO:[201309281748]:Parsed San Jose Business News - Local San Jose News | The Silicon Valley / San Jose Business Journal
INFO:[201309281748]:Parsed Eurogamer.net
INFO:[201309281748]:Parsed Feed: stratēchery by Ben Thompson
INFO:[201309281748]:Parsed Search Engine Land: News & Info About SEO, PPC, SEM, Search Engines & Search Marketing
INFO:[201309281748]:Parsed Naked Security - Sophos
INFO:[201309281748]:Parsed FOSS Patents
INFO:[201309281748]:Parsed Hollywood Reporter - THR, Esq.
INFO:[201309281748]:Parsed MoneyBeat
INFO:[201309281748]:Parsed Evolver.fm
INFO:[201309281748]:Parsed Localytics
INFO:[201309281748]:Parsed Data Center Knowledge
INFO:[201309281748]:Parsed Agile Blog
INFO:[201309281748]:Parsed BuzzFeed  - John Herrman
INFO:[201309281748]:Parsed Motherboard RSS Feed
INFO:[201309281748]:Parsed ABC News: Technology
INFO:[201309281748]:Parsed The Register
INFO:[201309281748]:Parsed Firedoglake
INFO:[201309281748]:Parsed PCWorld
INFO:[201309281748]:Parsed LAPTOP Magazine: The Pulse of Mobile Technology
INFO:[201309281748]:Parsed Dave Winer
INFO:[201309281748]:Parsed Deeplinks
INFO:[201309281748]:Parsed Mashable
INFO:[201309281748]:Parsed Advertising Age - Agency News
INFO:[201309281748]:Parsed PCMag.com Breaking News
INFO:[201309281748]:Parsed The Intercom Blog
INFO:[201309281748]:Parsed Site Root
INFO:[201309281748]:Ended 2013-09-28 17:49:03.422000
INFO:[201309281759]:Num RSS sources 90
INFO:[201309281759]:Starting 2013-09-28 17:59:56.773000
INFO:[201309281759]:Parsed TechCrunch
INFO:[201309281759]:Parsed The Verge -  All Posts
INFO:[201309281759]:Parsed AllThingsD
INFO:[201309281759]:Parsed Engadget RSS Feed
INFO:[201309281759]:Parsed GigaOM
INFO:[201309281759]:Parsed The Next Web
INFO:[201309281759]:Parsed Ars Technica
INFO:[201309281759]:Parsed 9to5Mac
INFO:[201309281759]:Parsed WSJ.com: Technology
INFO:[201309281759]:Parsed Businessweek.com -- Top News
INFO:[201309281759]:Parsed CNET Latest News
INFO:[201309281759]:Parsed Wired Top Stories
INFO:[201309281759]:Parsed NYT > Technology
INFO:[201309281759]:Parsed Reuters: Top News
INFO:[201309281759]:Parsed Top Headlines
INFO:[201309281759]:Parsed VentureBeat
INFO:[201309281759]:Found Nirvanix confirms abrupt shut down rumors (but doesn’t apologize for royally screwing customers) at VentureBeat
INFO:[201309281759]:Parsed Technology News - The Washington Post
INFO:[201309281759]:Parsed Forbes Real Time
INFO:[201309281759]:Parsed NYT Bits
INFO:[201309281759]:Parsed Digits
INFO:[201309281759]:Parsed Fortune Finance: Hedge Funds, Markets, Mergers & Acquisitions, Private Equity, Venture Capital, Wall Street, Washington
INFO:[201309281759]:Parsed AnandTech
INFO:[201309281759]:Parsed MacRumors: Mac News and Rumors - All Stories
INFO:[201309281759]:Parsed World news and comment from the Guardian | theguardian.com
INFO:[201309281759]:Parsed DealBook
INFO:[201309281759]:Parsed 9to5Google
INFO:[201309281759]:Parsed The Switch
INFO:[201309281759]:Parsed Tech
INFO:[201309281759]:Parsed Businessweek.com -- Technology
INFO:[201309281759]:Parsed TorrentFreak
INFO:[201309281759]:Parsed Technology
INFO:[201309281759]:Parsed Techdirt.
INFO:[201309281759]:Parsed BGR
INFO:[201309281759]:Parsed SPIEGEL ONLINE - Schlagzeilen
INFO:[201309281759]:Parsed Latest from Computerworld
INFO:[201309281759]:Parsed Marketing Land - Internet Marketing News, Strategies & Tips
INFO:[201309281759]:Parsed Paul Thurrott's SuperSite for Windows
INFO:[201309281759]:Parsed Hillicon Valley
INFO:[201309281759]:Parsed AppleInsider - Frontpage News
INFO:[201309281759]:Parsed BBC News - Technology
INFO:[201309281759]:Parsed GeekWire
INFO:[201309281759]:Parsed Inside BlackBerry
INFO:[201309281759]:Parsed paidContent
INFO:[201309281759]:Parsed Technology - latimes.com
INFO:[201309281759]:Parsed Quartz » Technology
INFO:[201309281759]:Parsed CITEworld
INFO:[201309281759]:Parsed PandoDaily
INFO:[201309281759]:Parsed FierceWireless
INFO:[201309281759]:Parsed Daring Fireball
INFO:[201309281759]:Parsed Valleywag
INFO:[201309281759]:Parsed Co.Design
INFO:[201309281759]:Parsed Variety
INFO:[201309281759]:Parsed Elements
INFO:[201309281759]:Parsed Techmeme News
INFO:[201309281759]:Parsed jessica lessin
INFO:[201309281759]:Parsed Uncrunched
INFO:[201309281759]:Parsed Polygon -  All
INFO:[201309281759]:Parsed Windows IT Pro
INFO:[201309281759]:Parsed SlashGear
INFO:[201309281759]:Parsed asymco
INFO:[201309281759]:Parsed TechNet Blogs
INFO:[201309281759]:Parsed ReadWrite
INFO:[201309281759]:Parsed Tech | TIME.com
INFO:[201309281759]:Parsed San Jose Business News - Local San Jose News | The Silicon Valley / San Jose Business Journal
INFO:[201309281759]:Parsed Eurogamer.net
INFO:[201309281759]:Parsed Feed: stratēchery by Ben Thompson
INFO:[201309281759]:Parsed Search Engine Land: News & Info About SEO, PPC, SEM, Search Engines & Search Marketing
INFO:[201309281759]:Parsed Naked Security - Sophos
INFO:[201309281759]:Parsed FOSS Patents
INFO:[201309281759]:Parsed Hollywood Reporter - THR, Esq.
INFO:[201309281759]:Parsed MoneyBeat
INFO:[201309281759]:Parsed Evolver.fm
INFO:[201309281759]:Parsed Localytics
INFO:[201309281759]:Parsed Data Center Knowledge
INFO:[201309281759]:Parsed Agile Blog
INFO:[201309281759]:Parsed BuzzFeed  - John Herrman
INFO:[201309281759]:Parsed Motherboard RSS Feed
INFO:[201309281759]:Parsed ABC News: Technology
INFO:[201309281759]:Parsed The Register
INFO:[201309281759]:Parsed Firedoglake
INFO:[201309281759]:Parsed PCWorld
INFO:[201309281759]:Found China may ease up on Internet censorship in limited regions at PCWorld
INFO:[201309281759]:Parsed LAPTOP Magazine: The Pulse of Mobile Technology
INFO:[201309281759]:Parsed Dave Winer
INFO:[201309281759]:Parsed Deeplinks
INFO:[201309281759]:Parsed Mashable
INFO:[201309281759]:Parsed Advertising Age - Agency News
INFO:[201309281759]:Parsed PCMag.com Breaking News
INFO:[201309281759]:Parsed The Intercom Blog
INFO:[201309281759]:Parsed Site Root
INFO:[201309281759]:Ended 2013-09-28 18:01:04.308000
INFO:[201309281806]:Num RSS sources 90
INFO:[201309281806]:Starting 2013-09-28 18:06:20.772000
INFO:[201309281806]:Parsed TechCrunch
INFO:[201309281806]:Parsed The Verge -  All Posts
INFO:[201309281806]:Parsed AllThingsD
INFO:[201309281806]:Parsed Engadget RSS Feed
INFO:[201309281806]:Parsed The Next Web
INFO:[201309281806]:Parsed Ars Technica
INFO:[201309281806]:Parsed 9to5Mac
INFO:[201309281806]:Parsed WSJ.com: Technology
INFO:[201309281806]:Parsed Businessweek.com -- Top News
INFO:[201309281806]:Parsed CNET Latest News
INFO:[201309281806]:Parsed Wired Top Stories
INFO:[201309281806]:Parsed NYT > Technology
INFO:[201309281806]:Parsed Reuters: Top News
INFO:[201309281806]:Found U.S. Republicans reject Senate bid to avoid government shutdown at Reuters: Top News
INFO:[201309281806]:Parsed Top Headlines
INFO:[201309281806]:Parsed VentureBeat
INFO:[201309281806]:Found Nirvanix confirms abrupt shut down rumors (but doesn’t apologize for royally screwing customers) at VentureBeat
INFO:[201309281806]:Parsed Technology News - The Washington Post
INFO:[201309281806]:Parsed Forbes Real Time
INFO:[201309281806]:Parsed NYT Bits
INFO:[201309281806]:Parsed Digits
INFO:[201309281806]:Parsed Fortune Finance: Hedge Funds, Markets, Mergers & Acquisitions, Private Equity, Venture Capital, Wall Street, Washington
INFO:[201309281806]:Parsed AnandTech
INFO:[201309281806]:Parsed MacRumors: Mac News and Rumors - All Stories
INFO:[201309281806]:Parsed World news and comment from the Guardian | theguardian.com
INFO:[201309281806]:Parsed DealBook
INFO:[201309281806]:Parsed 9to5Google
INFO:[201309281806]:Parsed The Switch
INFO:[201309281806]:Parsed Tech
INFO:[201309281806]:Parsed Businessweek.com -- Technology
INFO:[201309281806]:Parsed TorrentFreak
INFO:[201309281806]:Parsed Technology
INFO:[201309281806]:Parsed Techdirt.
INFO:[201309281806]:Parsed BGR
INFO:[201309281806]:Parsed SPIEGEL ONLINE - Schlagzeilen
INFO:[201309281806]:Found Nach Telefonat mit Obama: Demonstranten bewerfen Rohani mit Schuhen at SPIEGEL ONLINE - Schlagzeilen
INFO:[201309281807]:Num RSS sources 90
INFO:[201309281807]:Starting 2013-09-28 18:07:46.867000
INFO:[201309281807]:Parsed TechCrunch
INFO:[201309281807]:Parsed The Verge -  All Posts
INFO:[201309281807]:Parsed AllThingsD
INFO:[201309281807]:Parsed Engadget RSS Feed
INFO:[201309281807]:Parsed GigaOM
INFO:[201309281807]:Parsed The Next Web
INFO:[201309281807]:Parsed Ars Technica
INFO:[201309281807]:Parsed 9to5Mac
INFO:[201309281807]:Parsed WSJ.com: Technology
INFO:[201309281807]:Parsed Businessweek.com -- Top News
INFO:[201309281807]:Parsed CNET Latest News
INFO:[201309281807]:Parsed Wired Top Stories
INFO:[201309281807]:Parsed NYT > Technology
INFO:[201309281807]:Parsed Reuters: Top News
INFO:[201309281807]:Found U.S. Republicans reject Senate bid to avoid government shutdown at Reuters: Top News
INFO:[201309281807]:Parsed Top Headlines
INFO:[201309281807]:Parsed VentureBeat
INFO:[201309281807]:Parsed Technology News - The Washington Post
INFO:[201309281807]:Parsed Forbes Real Time
INFO:[201309281807]:Parsed NYT Bits
INFO:[201309281807]:Parsed Digits
INFO:[201309281807]:Parsed Fortune Finance: Hedge Funds, Markets, Mergers & Acquisitions, Private Equity, Venture Capital, Wall Street, Washington
INFO:[201309281807]:Parsed AnandTech
INFO:[201309281807]:Parsed MacRumors: Mac News and Rumors - All Stories
INFO:[201309281807]:Parsed World news and comment from the Guardian | theguardian.com
INFO:[201309281807]:Parsed DealBook
INFO:[201309281807]:Parsed 9to5Google
INFO:[201309281807]:Parsed The Switch
INFO:[201309281807]:Parsed Tech
INFO:[201309281807]:Parsed Businessweek.com -- Technology
INFO:[201309281807]:Parsed TorrentFreak
INFO:[201309281807]:Parsed Technology
INFO:[201309281807]:Parsed Techdirt.
INFO:[201309281807]:Parsed BGR
INFO:[201309281807]:Parsed SPIEGEL ONLINE - Schlagzeilen
INFO:[201309281807]:Found Nach Telefonat mit Obama: Demonstranten bewerfen Rohani mit Schuhen at SPIEGEL ONLINE - Schlagzeilen
INFO:[201309281807]:Parsed Latest from Computerworld
INFO:[201309281807]:Parsed Marketing Land - Internet Marketing News, Strategies & Tips
INFO:[201309281807]:Parsed Paul Thurrott's SuperSite for Windows
INFO:[201309281807]:Parsed Hillicon Valley
INFO:[201309281807]:Parsed AppleInsider - Frontpage News
INFO:[201309281807]:Parsed BBC News - Technology
INFO:[201309281807]:Parsed GeekWire
INFO:[201309281807]:Parsed Inside BlackBerry
INFO:[201309281807]:Parsed paidContent
INFO:[201309281807]:Parsed Technology - latimes.com
INFO:[201309281807]:Parsed CITEworld
INFO:[201309281807]:Parsed Quartz » Technology
INFO:[201309281807]:Parsed PandoDaily
INFO:[201309281807]:Parsed FierceWireless
INFO:[201309281807]:Parsed Daring Fireball
INFO:[201309281807]:Parsed Valleywag
INFO:[201309281807]:Parsed Co.Design
INFO:[201309281807]:Parsed Variety
INFO:[201309281807]:Parsed Elements
INFO:[201309281807]:Parsed Techmeme News
INFO:[201309281807]:Parsed jessica lessin
INFO:[201309281807]:Parsed Uncrunched
INFO:[201309281807]:Parsed Polygon -  All
INFO:[201309281807]:Found Timothy Leary’s video game stash discovered in archives at Polygon -  All
INFO:[201309281807]:Parsed Windows IT Pro
INFO:[201309281807]:Parsed SlashGear
INFO:[201309281807]:Found ChallengeDyson publicly puts Dyson engineers to the test at SlashGear
INFO:[201309281807]:Parsed asymco
INFO:[201309281807]:Parsed TechNet Blogs
INFO:[201309281807]:Parsed ReadWrite
INFO:[201309281807]:Parsed Tech | TIME.com
INFO:[201309281807]:Parsed San Jose Business News - Local San Jose News | The Silicon Valley / San Jose Business Journal
INFO:[201309281807]:Parsed Eurogamer.net
INFO:[201309281807]:Parsed Feed: stratēchery by Ben Thompson
INFO:[201309281807]:Parsed Search Engine Land: News & Info About SEO, PPC, SEM, Search Engines & Search Marketing
INFO:[201309281807]:Parsed Naked Security - Sophos
INFO:[201309281807]:Parsed FOSS Patents
INFO:[201309281807]:Parsed Hollywood Reporter - THR, Esq.
INFO:[201309281807]:Parsed MoneyBeat
INFO:[201309281807]:Parsed Evolver.fm
INFO:[201309281807]:Parsed Localytics
INFO:[201309281807]:Parsed Data Center Knowledge
INFO:[201309281807]:Parsed Agile Blog
INFO:[201309281807]:Parsed BuzzFeed  - John Herrman
INFO:[201309281807]:Parsed Motherboard RSS Feed
INFO:[201309281807]:Parsed ABC News: Technology
INFO:[201309281807]:Parsed The Register
INFO:[201309281807]:Parsed Firedoglake
INFO:[201309281807]:Parsed PCWorld
INFO:[201309281807]:Parsed LAPTOP Magazine: The Pulse of Mobile Technology
INFO:[201309281807]:Parsed Dave Winer
INFO:[201309281807]:Parsed Mashable
INFO:[201309281807]:Found The End of BlackBerry and Other Top Comments at Mashable
INFO:[201309281807]:Parsed Deeplinks
INFO:[201309281807]:Parsed Advertising Age - Agency News
INFO:[201309281807]:Parsed PCMag.com Breaking News
INFO:[201309281807]:Parsed The Intercom Blog
INFO:[201309281807]:Parsed Site Root
INFO:[201309281807]:Ended 2013-09-28 18:08:39.837000
INFO:[201309281814]:Num RSS sources 90
INFO:[201309281814]:Starting 2013-09-28 18:14:53.693000
INFO:[201309281814]:Parsed TechCrunch
INFO:[201309281814]:Parsed The Verge -  All Posts
INFO:[201309281814]:Parsed AllThingsD
INFO:[201309281814]:Parsed Engadget RSS Feed
INFO:[201309281814]:Parsed GigaOM
INFO:[201309281814]:Parsed The Next Web
INFO:[201309281814]:Found Samsung denies copying Apple with the gold Galaxy S4 at The Next Web
INFO:[201309281814]:Parsed Ars Technica
INFO:[201309281814]:Parsed 9to5Mac
INFO:[201309281814]:Parsed WSJ.com: Technology
INFO:[201309281814]:Parsed Businessweek.com -- Top News
INFO:[201309281814]:Parsed CNET Latest News
INFO:[201309281814]:Parsed Wired Top Stories
INFO:[201309281814]:Parsed NYT > Technology
INFO:[201309281814]:Parsed Reuters: Top News
INFO:[201309281814]:Parsed Top Headlines
INFO:[201309281814]:Parsed VentureBeat
INFO:[201309281814]:Parsed Technology News - The Washington Post
INFO:[201309281814]:Parsed Forbes Real Time
INFO:[201309281814]:Found When Obamacare Exchanges Launch Tuesday, Premiums Will Be Low, Deductibles High at Forbes Real Time
INFO:[201309281814]:Found Barilla Earns Gay Boycott, Learns Taking Sides Is Bad For Business at Forbes Real Time
INFO:[201309281814]:Parsed NYT Bits
INFO:[201309281814]:Parsed Digits
INFO:[201309281814]:Parsed Fortune Finance: Hedge Funds, Markets, Mergers & Acquisitions, Private Equity, Venture Capital, Wall Street, Washington
INFO:[201309281814]:Parsed AnandTech
INFO:[201309281814]:Parsed MacRumors: Mac News and Rumors - All Stories
INFO:[201309281814]:Parsed World news and comment from the Guardian | theguardian.com
INFO:[201309281814]:Parsed DealBook
INFO:[201309281814]:Parsed 9to5Google
INFO:[201309281814]:Parsed The Switch
INFO:[201309281814]:Parsed Tech
INFO:[201309281814]:Parsed Businessweek.com -- Technology
INFO:[201309281814]:Parsed TorrentFreak
INFO:[201309281814]:Parsed Technology
INFO:[201309281814]:Parsed Techdirt.
INFO:[201309281814]:Parsed BGR
INFO:[201309281814]:Parsed SPIEGEL ONLINE - Schlagzeilen
INFO:[201309281814]:Parsed Latest from Computerworld
INFO:[201309281814]:Parsed Marketing Land - Internet Marketing News, Strategies & Tips
INFO:[201309281814]:Parsed Paul Thurrott's SuperSite for Windows
INFO:[201309281814]:Parsed Hillicon Valley
INFO:[201309281814]:Parsed AppleInsider - Frontpage News
INFO:[201309281814]:Parsed BBC News - Technology
INFO:[201309281814]:Parsed GeekWire
INFO:[201309281814]:Parsed Inside BlackBerry
INFO:[201309281814]:Parsed paidContent
INFO:[201309281814]:Parsed Technology - latimes.com
INFO:[201309281814]:Parsed CITEworld
INFO:[201309281814]:Parsed Quartz » Technology
INFO:[201309281814]:Parsed PandoDaily
INFO:[201309281814]:Parsed FierceWireless
INFO:[201309281814]:Parsed Daring Fireball
INFO:[201309281814]:Parsed Valleywag
INFO:[201309281814]:Parsed Co.Design
INFO:[201309281814]:Parsed Variety
INFO:[201309281814]:Parsed Elements
INFO:[201309281814]:Parsed Techmeme News
INFO:[201309281814]:Parsed jessica lessin
INFO:[201309281814]:Parsed Uncrunched
INFO:[201309281814]:Parsed Polygon -  All
INFO:[201309281814]:Parsed Windows IT Pro
INFO:[201309281814]:Parsed SlashGear
INFO:[201309281814]:Parsed asymco
INFO:[201309281814]:Parsed TechNet Blogs
INFO:[201309281814]:Parsed ReadWrite
INFO:[201309281814]:Parsed Tech | TIME.com
INFO:[201309281814]:Parsed San Jose Business News - Local San Jose News | The Silicon Valley / San Jose Business Journal
INFO:[201309281814]:Parsed Eurogamer.net
INFO:[201309281814]:Parsed Feed: stratēchery by Ben Thompson
INFO:[201309281814]:Parsed Search Engine Land: News & Info About SEO, PPC, SEM, Search Engines & Search Marketing
INFO:[201309281814]:Parsed Naked Security - Sophos
INFO:[201309281814]:Parsed FOSS Patents
INFO:[201309281814]:Parsed Hollywood Reporter - THR, Esq.
INFO:[201309281814]:Parsed MoneyBeat
INFO:[201309281814]:Parsed Evolver.fm
INFO:[201309281814]:Parsed Localytics
INFO:[201309281814]:Parsed Data Center Knowledge
INFO:[201309281814]:Parsed Agile Blog
INFO:[201309281814]:Parsed BuzzFeed  - John Herrman
INFO:[201309281814]:Parsed Motherboard RSS Feed
INFO:[201309281814]:Parsed ABC News: Technology
INFO:[201309281814]:Parsed The Register
INFO:[201309281814]:Parsed Firedoglake
INFO:[201309281814]:Parsed PCWorld
INFO:[201309281814]:Parsed LAPTOP Magazine: The Pulse of Mobile Technology
INFO:[201309281814]:Parsed Dave Winer
INFO:[201309281814]:Parsed Mashable
INFO:[201309281814]:Parsed Deeplinks
INFO:[201309281814]:Parsed Advertising Age - Agency News
INFO:[201309281814]:Parsed PCMag.com Breaking News
INFO:[201309281814]:Parsed The Intercom Blog
INFO:[201309281814]:Parsed Site Root
INFO:[201309281814]:Found User: rodengl1sh at Site Root
INFO:[201309281814]:Ended 2013-09-28 18:16:03.606000
INFO:[201309281819]:Num RSS sources 90
INFO:[201309281819]:Starting 2013-09-28 18:19:26.131000
INFO:[201309281819]:Parsed TechCrunch
INFO:[201309281819]:Parsed The Verge -  All Posts
INFO:[201309281819]:Parsed AllThingsD
INFO:[201309281819]:Parsed Engadget RSS Feed
INFO:[201309281819]:Parsed GigaOM
INFO:[201309281819]:Parsed The Next Web
INFO:[201309281819]:Parsed Ars Technica
INFO:[201309281819]:Parsed 9to5Mac
INFO:[201309281819]:Parsed WSJ.com: Technology
INFO:[201309281819]:Parsed Businessweek.com -- Top News
INFO:[201309281819]:Parsed CNET Latest News
INFO:[201309281819]:Parsed Wired Top Stories
INFO:[201309281819]:Parsed NYT > Technology
INFO:[201309281819]:Parsed Reuters: Top News
INFO:[201309281819]:Parsed Top Headlines
INFO:[201309281819]:Parsed VentureBeat
INFO:[201309281819]:Parsed Technology News - The Washington Post
INFO:[201309281819]:Parsed Forbes Real Time
INFO:[201309281819]:Found When Obamacare Exchanges Launch Tuesday, Premiums Will Be Low, Deductibles High at Forbes Real Time
INFO:[201309281819]:Parsed NYT Bits
INFO:[201309281819]:Parsed Digits
INFO:[201309281819]:Parsed Fortune Finance: Hedge Funds, Markets, Mergers & Acquisitions, Private Equity, Venture Capital, Wall Street, Washington
INFO:[201309281819]:Parsed AnandTech
INFO:[201309281819]:Parsed MacRumors: Mac News and Rumors - All Stories
INFO:[201309281819]:Parsed World news and comment from the Guardian | theguardian.com
INFO:[201309281819]:Parsed DealBook
INFO:[201309281819]:Parsed 9to5Google
INFO:[201309281819]:Parsed The Switch
INFO:[201309281819]:Parsed Tech
INFO:[201309281819]:Parsed Businessweek.com -- Technology
INFO:[201309281819]:Parsed TorrentFreak
INFO:[201309281819]:Parsed Technology
INFO:[201309281819]:Parsed Techdirt.
INFO:[201309281819]:Parsed BGR
INFO:[201309281819]:Parsed SPIEGEL ONLINE - Schlagzeilen
INFO:[201309281819]:Parsed Latest from Computerworld
INFO:[201309281819]:Parsed Marketing Land - Internet Marketing News, Strategies & Tips
INFO:[201309281819]:Parsed Paul Thurrott's SuperSite for Windows
INFO:[201309281819]:Parsed Hillicon Valley
INFO:[201309281819]:Parsed AppleInsider - Frontpage News
INFO:[201309281819]:Parsed BBC News - Technology
INFO:[201309281819]:Parsed GeekWire
INFO:[201309281819]:Parsed Inside BlackBerry
INFO:[201309281819]:Parsed paidContent
INFO:[201309281819]:Parsed Technology - latimes.com
INFO:[201309281819]:Parsed CITEworld
INFO:[201309281819]:Parsed Quartz » Technology
INFO:[201309281819]:Parsed PandoDaily
INFO:[201309281819]:Parsed FierceWireless
INFO:[201309281819]:Parsed Daring Fireball
INFO:[201309281819]:Parsed Valleywag
INFO:[201309281819]:Parsed Co.Design
INFO:[201309281819]:Parsed Variety
INFO:[201309281819]:Parsed Elements
INFO:[201309281819]:Parsed Techmeme News
INFO:[201309281819]:Parsed jessica lessin
INFO:[201309281819]:Parsed Uncrunched
INFO:[201309281819]:Parsed Polygon -  All
INFO:[201309281819]:Parsed Windows IT Pro
INFO:[201309281819]:Parsed SlashGear
INFO:[201309281819]:Parsed asymco
INFO:[201309281819]:Parsed TechNet Blogs
INFO:[201309281819]:Parsed ReadWrite
INFO:[201309281819]:Parsed Tech | TIME.com
INFO:[201309281819]:Parsed San Jose Business News - Local San Jose News | The Silicon Valley / San Jose Business Journal
INFO:[201309281819]:Parsed Eurogamer.net
INFO:[201309281819]:Parsed Feed: stratēchery by Ben Thompson
INFO:[201309281819]:Parsed Search Engine Land: News & Info About SEO, PPC, SEM, Search Engines & Search Marketing
INFO:[201309281819]:Parsed Naked Security - Sophos
INFO:[201309281819]:Parsed FOSS Patents
INFO:[201309281819]:Parsed Hollywood Reporter - THR, Esq.
INFO:[201309281819]:Parsed MoneyBeat
INFO:[201309281819]:Parsed Evolver.fm
INFO:[201309281819]:Parsed Localytics
INFO:[201309281819]:Parsed Data Center Knowledge
INFO:[201309281819]:Parsed Agile Blog
INFO:[201309281819]:Parsed BuzzFeed  - John Herrman
INFO:[201309281819]:Parsed Motherboard RSS Feed
INFO:[201309281819]:Parsed ABC News: Technology
INFO:[201309281819]:Parsed The Register
INFO:[201309281819]:Parsed Firedoglake
INFO:[201309281819]:Parsed PCWorld
INFO:[201309281819]:Parsed LAPTOP Magazine: The Pulse of Mobile Technology
INFO:[201309281819]:Parsed Dave Winer
INFO:[201309281819]:Parsed Mashable
INFO:[201309281819]:Found Microsoft Goes After Old iPhone Owners with New Trade-In Deal at Mashable
INFO:[201309281819]:Parsed Deeplinks
INFO:[201309281819]:Parsed Advertising Age - Agency News
INFO:[201309281819]:Parsed PCMag.com Breaking News
INFO:[201309281819]:Parsed The Intercom Blog
INFO:[201309281819]:Parsed Site Root
INFO:[201309281823]:Num RSS sources 90
INFO:[201309281823]:Starting 2013-09-28 18:23:21.736000
INFO:[201309281823]:Parsed TechCrunch
INFO:[201309281823]:Parsed The Verge -  All Posts
INFO:[201309281823]:Parsed AllThingsD
INFO:[201309281823]:Parsed Engadget RSS Feed
INFO:[201309281823]:Parsed GigaOM
INFO:[201309281823]:Parsed The Next Web
INFO:[201309281823]:Parsed Ars Technica
INFO:[201309281823]:Parsed 9to5Mac
INFO:[201309281823]:Parsed WSJ.com: Technology
INFO:[201309281823]:Parsed Businessweek.com -- Top News
INFO:[201309281823]:Parsed CNET Latest News
INFO:[201309281823]:Parsed Wired Top Stories
INFO:[201309281823]:Parsed NYT > Technology
INFO:[201309281823]:Parsed Reuters: Top News
INFO:[201309281823]:Parsed Top Headlines
INFO:[201309281823]:Parsed VentureBeat
INFO:[201309281823]:Parsed Technology News - The Washington Post
INFO:[201309281823]:Parsed Forbes Real Time
INFO:[201309281823]:Found When Obamacare Exchanges Launch Tuesday, Premiums Will Be Low, Deductibles High at Forbes Real Time
INFO:[201309281823]:Parsed NYT Bits
INFO:[201309281823]:Parsed Digits
INFO:[201309281823]:Parsed Fortune Finance: Hedge Funds, Markets, Mergers & Acquisitions, Private Equity, Venture Capital, Wall Street, Washington
INFO:[201309281823]:Parsed AnandTech
INFO:[201309281823]:Parsed MacRumors: Mac News and Rumors - All Stories
INFO:[201309281823]:Parsed World news and comment from the Guardian | theguardian.com
INFO:[201309281823]:Found House Republicans raise stakes and propose one-year delay of Obamacare at World news and comment from the Guardian | theguardian.com
INFO:[201309281823]:Parsed DealBook
INFO:[201309281823]:Parsed 9to5Google
INFO:[201309281823]:Parsed The Switch
INFO:[201309281823]:Parsed Tech
INFO:[201309281823]:Parsed Businessweek.com -- Technology
INFO:[201309281823]:Parsed TorrentFreak
INFO:[201309281823]:Parsed Technology
INFO:[201309281823]:Parsed Techdirt.
INFO:[201309281823]:Parsed BGR
INFO:[201309281823]:Parsed SPIEGEL ONLINE - Schlagzeilen
INFO:[201309281823]:Found Augenblick: Farbflitzer at SPIEGEL ONLINE - Schlagzeilen
INFO:[201309281823]:Parsed Latest from Computerworld
INFO:[201309281823]:Parsed Marketing Land - Internet Marketing News, Strategies & Tips
INFO:[201309281823]:Parsed Paul Thurrott's SuperSite for Windows
INFO:[201309281823]:Parsed Hillicon Valley
INFO:[201309281823]:Parsed AppleInsider - Frontpage News
INFO:[201309281823]:Parsed BBC News - Technology
INFO:[201309281823]:Parsed GeekWire
INFO:[201309281823]:Parsed Inside BlackBerry
INFO:[201309281823]:Parsed paidContent
INFO:[201309281823]:Parsed Technology - latimes.com
INFO:[201309281823]:Parsed CITEworld
INFO:[201309281823]:Parsed Quartz » Technology
INFO:[201309281823]:Parsed PandoDaily
INFO:[201309281823]:Parsed FierceWireless
INFO:[201309281823]:Parsed Daring Fireball
INFO:[201309281823]:Parsed Valleywag
INFO:[201309281823]:Parsed Co.Design
INFO:[201309281823]:Parsed Variety
INFO:[201309281823]:Parsed Elements
INFO:[201309281823]:Parsed Techmeme News
INFO:[201309281823]:Parsed jessica lessin
INFO:[201309281823]:Parsed Uncrunched
INFO:[201309281823]:Parsed Polygon -  All
INFO:[201309281823]:Parsed Windows IT Pro
INFO:[201309281823]:Parsed SlashGear
INFO:[201309281823]:Parsed asymco
INFO:[201309281823]:Parsed TechNet Blogs
INFO:[201309281823]:Parsed ReadWrite
INFO:[201309281823]:Parsed Tech | TIME.com
INFO:[201309281823]:Parsed San Jose Business News - Local San Jose News | The Silicon Valley / San Jose Business Journal
INFO:[201309281823]:Parsed Eurogamer.net
INFO:[201309281823]:Parsed Feed: stratēchery by Ben Thompson
INFO:[201309281823]:Parsed Search Engine Land: News & Info About SEO, PPC, SEM, Search Engines & Search Marketing
INFO:[201309281823]:Parsed Naked Security - Sophos
INFO:[201309281823]:Parsed FOSS Patents
INFO:[201309281823]:Parsed Hollywood Reporter - THR, Esq.
INFO:[201309281823]:Parsed MoneyBeat
INFO:[201309281823]:Parsed Evolver.fm
INFO:[201309281823]:Parsed Localytics
INFO:[201309281823]:Parsed Data Center Knowledge
INFO:[201309281823]:Parsed Agile Blog
INFO:[201309281823]:Parsed BuzzFeed  - John Herrman
INFO:[201309281823]:Parsed Motherboard RSS Feed
INFO:[201309281823]:Parsed ABC News: Technology
INFO:[201309281823]:Parsed The Register
INFO:[201309281823]:Parsed Firedoglake
INFO:[201309281823]:Parsed PCWorld
INFO:[201309281823]:Parsed LAPTOP Magazine: The Pulse of Mobile Technology
INFO:[201309281823]:Parsed Mashable
INFO:[201309281823]:Found Microsoft Goes After Old iPhone Owners with New Trade-In Deal at Mashable
INFO:[201309281823]:Parsed Dave Winer
INFO:[201309281823]:Parsed Deeplinks
INFO:[201309281823]:Parsed Advertising Age - Agency News
INFO:[201309281823]:Parsed PCMag.com Breaking News
INFO:[201309281823]:Parsed The Intercom Blog
INFO:[201309281823]:Parsed Site Root
INFO:[201309281823]:Ended 2013-09-28 18:24:22.232000
